Device cuda | Rounds 60 | Clients 10

Round  1
Client | loss | acc | auc |  n
   0   | 0.606|0.836|0.482|3001
   1   | 0.613|0.828|0.518|3001
   2   | 0.610|0.847|0.493|3001
   3   | 0.624|0.814|0.553|3001
   4   | 0.607|0.810|0.540|3000
   5   | 0.614|0.825|0.533|3000
   6   | 0.611|0.847|0.459|3000
   7   | 0.615|0.794|0.531|3000
   8   | 0.607|0.830|0.537|3000
   9   | 0.606|0.840|0.503|3000
GLOBAL | 0.611|0.827|0.515|30004
------------------------------------------------------------
Round  2
Client | loss | acc | auc |  n
   0   | 0.543|0.923|0.598|3001
   1   | 0.528|0.917|0.563|3001
   2   | 0.552|0.922|0.586|3001
   3   | 0.550|0.923|0.594|3001
   4   | 0.529|0.909|0.603|3000
   5   | 0.541|0.915|0.574|3000
   6   | 0.529|0.922|0.595|3000
   7   | 0.532|0.911|0.560|3000
   8   | 0.531|0.921|0.570|3000
   9   | 0.539|0.917|0.550|3000
GLOBAL | 0.537|0.918|0.579|30004
------------------------------------------------------------
Round  3
Client | loss | acc | auc |  n
   0   | 0.463|0.933|0.609|3001
   1   | 0.442|0.934|0.665|3001
   2   | 0.456|0.933|0.643|3001
   3   | 0.461|0.933|0.681|3001
   4   | 0.447|0.932|0.687|3000
   5   | 0.444|0.932|0.679|3000
   6   | 0.447|0.934|0.694|3000
   7   | 0.441|0.932|0.639|3000
   8   | 0.438|0.932|0.647|3000
   9   | 0.461|0.932|0.621|3000
GLOBAL | 0.450|0.933|0.656|30004
------------------------------------------------------------
Round  4
Client | loss | acc | auc |  n
   0   | 0.386|0.933|0.710|3001
   1   | 0.369|0.934|0.736|3001
   2   | 0.384|0.933|0.704|3001
   3   | 0.387|0.934|0.725|3001
   4   | 0.374|0.933|0.698|3000
   5   | 0.373|0.934|0.690|3000
   6   | 0.375|0.934|0.723|3000
   7   | 0.367|0.934|0.720|3000
   8   | 0.368|0.934|0.715|3000
   9   | 0.386|0.934|0.670|3000
GLOBAL | 0.377|0.934|0.709|30004
------------------------------------------------------------
